Started GET "/" for ::1 at 2022-01-11 14:15:46 -0800
  [1m[35m (1.2ms)[0m  [1m[34mSELECT sqlite_version(*)[0m
Processing by Rails::WelcomeController#index as HTML
  Rendering /home/caito/.rbenv/versions/3.0.3/lib/ruby/gems/3.0.0/gems/railties-7.0.1/lib/rails/templates/rails/welcome/index.html.erb
  Rendered /home/caito/.rbenv/versions/3.0.3/lib/ruby/gems/3.0.0/gems/railties-7.0.1/lib/rails/templates/rails/welcome/index.html.erb (Duration: 1.4ms | Allocations: 814)
Completed 200 OK in 20ms (Views: 5.4ms | ActiveRecord: 0.0ms | Allocations: 7612)


  [1m[35m (0.4ms)[0m  [1m[34mSELECT sqlite_version(*)[0m
  [1m[35m (2.1ms)[0m  [1m[35mCREATE TABLE "schema_migrations" ("version" varchar NOT NULL PRIMARY KEY)[0m
  [1m[35m (2.0ms)[0m  [1m[35mCREATE TABLE "ar_internal_metadata" ("key" varchar NOT NULL PRIMARY KEY, "value" varchar, "created_at" datetime(6) NOT NULL, "updated_at" datetime(6) NOT NULL)[0m
  [1m[36mActiveRecord::SchemaMigration Pluck (0.2ms)[0m  [1m[34mSELECT "schema_migrations"."version" FROM "schema_migrations" ORDER BY "schema_migrations"."version" ASC[0m
Migrating to CreateShops (20220111221952)
  [1m[36mTRANSACTION (0.2ms)[0m  [1m[36mbegin transaction[0m
  [1m[35m (0.6ms)[0m  [1m[35mCREATE TABLE "shops" ("id" integer PRIMARY KEY AUTOINCREMENT NOT NULL, "name" varchar, "shelves" integer, "unshelvedCandies" varchar, "created_at" datetime(6) NOT NULL, "updated_at" datetime(6) NOT NULL)[0m
  [1m[36mActiveRecord::SchemaMigration Create (0.3ms)[0m  [1m[32mINSERT INTO "schema_migrations" ("version") VALUES (?)[0m  [["version", "20220111221952"]]
  [1m[36mTRANSACTION (2.5ms)[0m  [1m[36mcommit transaction[0m
  [1m[36mActiveRecord::InternalMetadata Load (0.2ms)[0m  [1m[34mSELECT "ar_internal_metadata".* FROM "ar_internal_metadata" WHERE "ar_internal_metadata"."key" = ? LIMIT ?[0m  [["key", "environment"], ["LIMIT", 1]]
  [1m[36mTRANSACTION (0.1ms)[0m  [1m[36mbegin transaction[0m
  [1m[36mActiveRecord::InternalMetadata Create (0.2ms)[0m  [1m[32mINSERT INTO "ar_internal_metadata" ("key", "value", "created_at", "updated_at") VALUES (?, ?, ?, ?)[0m  [["key", "environment"], ["value", "development"], ["created_at", "2022-01-11 22:27:44.521500"], ["updated_at", "2022-01-11 22:27:44.521500"]]
  [1m[36mTRANSACTION (1.7ms)[0m  [1m[36mcommit transaction[0m
  [1m[35m (0.0ms)[0m  [1m[34mSELECT sqlite_version(*)[0m
  [1m[36mActiveRecord::SchemaMigration Pluck (0.1ms)[0m  [1m[34mSELECT "schema_migrations"."version" FROM "schema_migrations" ORDER BY "schema_migrations"."version" ASC[0m
Started GET "/" for ::1 at 2022-01-11 14:27:54 -0800
  [1m[35m (0.4ms)[0m  [1m[34mSELECT sqlite_version(*)[0m
  [1m[36mActiveRecord::SchemaMigration Pluck (0.1ms)[0m  [1m[34mSELECT "schema_migrations"."version" FROM "schema_migrations" ORDER BY "schema_migrations"."version" ASC[0m
  
ActionController::RoutingError (uninitialized constant SharksController
Did you mean?  ShopsController):
  
Started GET "/" for ::1 at 2022-01-11 14:28:16 -0800
Processing by ShopsController#index as HTML
  Rendering layout layouts/application.html.erb
  Rendering shops/index.html.erb within layouts/application
  [1m[35m (0.1ms)[0m  [1m[34mSELECT sqlite_version(*)[0m
  ↳ app/views/shops/index.html.erb:6
  [1m[36mShop Load (0.1ms)[0m  [1m[34mSELECT "shops".* FROM "shops"[0m
  ↳ app/views/shops/index.html.erb:6
  Rendered shops/index.html.erb within layouts/application (Duration: 4.5ms | Allocations: 1951)
  Rendered layout layouts/application.html.erb (Duration: 198.7ms | Allocations: 88972)
Completed 200 OK in 206ms (Views: 200.1ms | ActiveRecord: 0.4ms | Allocations: 93611)


Started GET "/shops/new" for ::1 at 2022-01-11 14:28:18 -0800
Processing by ShopsController#new as HTML
  Rendering layout layouts/application.html.erb
  Rendering shops/new.html.erb within layouts/application
  Rendered shops/_form.html.erb (Duration: 10.3ms | Allocations: 5474)
  Rendered shops/new.html.erb within layouts/application (Duration: 11.5ms | Allocations: 5836)
  Rendered layout layouts/application.html.erb (Duration: 17.8ms | Allocations: 8015)
Completed 200 OK in 45ms (Views: 18.6ms | ActiveRecord: 0.5ms | Allocations: 13625)


Started POST "/shops" for ::1 at 2022-01-11 14:28:34 -0800
Processing by ShopsController#create as TURBO_STREAM
  Parameters: {"authenticity_token"=>"[FILTERED]", "shop"=>{"name"=>"poop", "shelves"=>"2", "unshelvedCandies"=>"Poop"}, "commit"=>"Create Shop"}
  [1m[36mTRANSACTION (0.1ms)[0m  [1m[36mbegin transaction[0m
  ↳ app/controllers/shops_controller.rb:27:in `block in create'
  [1m[36mShop Create (0.3ms)[0m  [1m[32mINSERT INTO "shops" ("name", "shelves", "unshelvedCandies", "created_at", "updated_at") VALUES (?, ?, ?, ?, ?)[0m  [["name", "poop"], ["shelves", 2], ["unshelvedCandies", "Poop"], ["created_at", "2022-01-11 22:28:34.083171"], ["updated_at", "2022-01-11 22:28:34.083171"]]
  ↳ app/controllers/shops_controller.rb:27:in `block in create'
  [1m[36mTRANSACTION (1.5ms)[0m  [1m[36mcommit transaction[0m
  ↳ app/controllers/shops_controller.rb:27:in `block in create'
Redirected to http://localhost:3000/shops/1
Completed 302 Found in 7ms (ActiveRecord: 1.9ms | Allocations: 3895)


Started GET "/shops/1" for ::1 at 2022-01-11 14:28:34 -0800
Processing by ShopsController#show as TURBO_STREAM
  Parameters: {"id"=>"1"}
  [1m[36mShop Load (0.3ms)[0m  [1m[34mSELECT "shops".* FROM "shops" WHERE "shops"."id" = ? LIMIT ?[0m  [["id", 1], ["LIMIT", 1]]
  ↳ app/controllers/shops_controller.rb:63:in `set_shop'
  Rendering layout layouts/application.html.erb
  Rendering shops/show.html.erb within layouts/application
  Rendered shops/_shop.html.erb (Duration: 0.5ms | Allocations: 280)
  Rendered shops/show.html.erb within layouts/application (Duration: 3.5ms | Allocations: 1659)
  Rendered layout layouts/application.html.erb (Duration: 6.4ms | Allocations: 3806)
Completed 200 OK in 10ms (Views: 7.0ms | ActiveRecord: 0.3ms | Allocations: 6921)


Started GET "/shops/1/edit" for ::1 at 2022-01-11 14:29:46 -0800
Processing by ShopsController#edit as HTML
  Parameters: {"id"=>"1"}
  [1m[36mShop Load (0.1ms)[0m  [1m[34mSELECT "shops".* FROM "shops" WHERE "shops"."id" = ? LIMIT ?[0m  [["id", 1], ["LIMIT", 1]]
  ↳ app/controllers/shops_controller.rb:63:in `set_shop'
  Rendering layout layouts/application.html.erb
  Rendering shops/edit.html.erb within layouts/application
  Rendered shops/_form.html.erb (Duration: 8.1ms | Allocations: 1236)
  Rendered shops/edit.html.erb within layouts/application (Duration: 10.1ms | Allocations: 1553)
  Rendered layout layouts/application.html.erb (Duration: 13.2ms | Allocations: 3681)
Completed 200 OK in 17ms (Views: 14.4ms | ActiveRecord: 0.1ms | Allocations: 4677)


Started GET "/shops/1" for ::1 at 2022-01-11 14:29:54 -0800
Processing by ShopsController#show as HTML
  Parameters: {"id"=>"1"}
  [1m[36mShop Load (0.1ms)[0m  [1m[34mSELECT "shops".* FROM "shops" WHERE "shops"."id" = ? LIMIT ?[0m  [["id", 1], ["LIMIT", 1]]
  ↳ app/controllers/shops_controller.rb:63:in `set_shop'
  Rendering layout layouts/application.html.erb
  Rendering shops/show.html.erb within layouts/application
  Rendered shops/_shop.html.erb (Duration: 0.1ms | Allocations: 25)
  Rendered shops/show.html.erb within layouts/application (Duration: 1.3ms | Allocations: 530)
  Rendered layout layouts/application.html.erb (Duration: 3.6ms | Allocations: 2575)
Completed 200 OK in 6ms (Views: 4.1ms | ActiveRecord: 0.1ms | Allocations: 3387)


Started GET "/shops" for ::1 at 2022-01-11 14:29:57 -0800
Processing by ShopsController#index as HTML
  Rendering layout layouts/application.html.erb
  Rendering shops/index.html.erb within layouts/application
  [1m[36mShop Load (0.1ms)[0m  [1m[34mSELECT "shops".* FROM "shops"[0m
  ↳ app/views/shops/index.html.erb:6
  Rendered shops/_shop.html.erb (Duration: 0.1ms | Allocations: 25)
  Rendered shops/index.html.erb within layouts/application (Duration: 2.4ms | Allocations: 977)
  Rendered layout layouts/application.html.erb (Duration: 5.7ms | Allocations: 3038)
Completed 200 OK in 7ms (Views: 6.3ms | ActiveRecord: 0.1ms | Allocations: 3381)


Started GET "/" for ::1 at 2022-01-11 14:30:23 -0800
Processing by ShopsController#index as HTML
  Rendering layout layouts/application.html.erb
  Rendering shops/index.html.erb within layouts/application
  [1m[35m (0.1ms)[0m  [1m[34mSELECT sqlite_version(*)[0m
  ↳ app/views/shops/index.html.erb:6
  [1m[36mShop Load (0.1ms)[0m  [1m[34mSELECT "shops".* FROM "shops"[0m
  ↳ app/views/shops/index.html.erb:6
  Rendered shops/_shop.html.erb (Duration: 0.1ms | Allocations: 50)
  Rendered shops/index.html.erb within layouts/application (Duration: 5.8ms | Allocations: 3542)
  Rendered layout layouts/application.html.erb (Duration: 19.2ms | Allocations: 16838)
Completed 200 OK in 23ms (Views: 21.6ms | ActiveRecord: 0.8ms | Allocations: 18491)


Started GET "/shops/1" for ::1 at 2022-01-11 14:30:27 -0800
Processing by ShopsController#show as HTML
  Parameters: {"id"=>"1"}
  [1m[36mShop Load (0.2ms)[0m  [1m[34mSELECT "shops".* FROM "shops" WHERE "shops"."id" = ? LIMIT ?[0m  [["id", 1], ["LIMIT", 1]]
  ↳ app/controllers/shops_controller.rb:63:in `set_shop'
  Rendering layout layouts/application.html.erb
  Rendering shops/show.html.erb within layouts/application
  Rendered shops/_shop.html.erb (Duration: 0.1ms | Allocations: 25)
  Rendered shops/show.html.erb within layouts/application (Duration: 1.2ms | Allocations: 568)
  Rendered layout layouts/application.html.erb (Duration: 3.6ms | Allocations: 2607)
Completed 200 OK in 7ms (Views: 4.4ms | ActiveRecord: 0.2ms | Allocations: 4086)


Started DELETE "/shops/1" for ::1 at 2022-01-11 14:30:29 -0800
Processing by ShopsController#destroy as TURBO_STREAM
  Parameters: {"authenticity_token"=>"[FILTERED]", "id"=>"1"}
  [1m[36mShop Load (0.1ms)[0m  [1m[34mSELECT "shops".* FROM "shops" WHERE "shops"."id" = ? LIMIT ?[0m  [["id", 1], ["LIMIT", 1]]
  ↳ app/controllers/shops_controller.rb:63:in `set_shop'
  [1m[36mTRANSACTION (0.1ms)[0m  [1m[36mbegin transaction[0m
  ↳ app/controllers/shops_controller.rb:52:in `destroy'
  [1m[36mShop Destroy (0.2ms)[0m  [1m[31mDELETE FROM "shops" WHERE "shops"."id" = ?[0m  [["id", 1]]
  ↳ app/controllers/shops_controller.rb:52:in `destroy'
  [1m[36mTRANSACTION (1.9ms)[0m  [1m[36mcommit transaction[0m
  ↳ app/controllers/shops_controller.rb:52:in `destroy'
Redirected to http://localhost:3000/shops
Completed 302 Found in 7ms (ActiveRecord: 2.3ms | Allocations: 2621)


Started GET "/shops" for ::1 at 2022-01-11 14:30:29 -0800
Processing by ShopsController#index as TURBO_STREAM
  Rendering layout layouts/application.html.erb
  Rendering shops/index.html.erb within layouts/application
  [1m[36mShop Load (0.1ms)[0m  [1m[34mSELECT "shops".* FROM "shops"[0m
  ↳ app/views/shops/index.html.erb:6
  Rendered shops/index.html.erb within layouts/application (Duration: 1.4ms | Allocations: 828)
  Rendered layout layouts/application.html.erb (Duration: 3.8ms | Allocations: 2888)
Completed 200 OK in 5ms (Views: 4.3ms | ActiveRecord: 0.1ms | Allocations: 3233)


Started GET "/shops/new" for ::1 at 2022-01-11 14:30:34 -0800
Processing by ShopsController#new as HTML
  Rendering layout layouts/application.html.erb
  Rendering shops/new.html.erb within layouts/application
  Rendered shops/_form.html.erb (Duration: 2.6ms | Allocations: 1144)
  Rendered shops/new.html.erb within layouts/application (Duration: 3.1ms | Allocations: 1242)
  Rendered layout layouts/application.html.erb (Duration: 5.2ms | Allocations: 3289)
Completed 200 OK in 7ms (Views: 6.1ms | ActiveRecord: 0.0ms | Allocations: 3647)


Started GET "/shops" for ::1 at 2022-01-11 14:30:39 -0800
Processing by ShopsController#index as HTML
  Rendering layout layouts/application.html.erb
  Rendering shops/index.html.erb within layouts/application
  [1m[36mShop Load (0.1ms)[0m  [1m[34mSELECT "shops".* FROM "shops"[0m
  ↳ app/views/shops/index.html.erb:6
  Rendered shops/index.html.erb within layouts/application (Duration: 1.4ms | Allocations: 815)
  Rendered layout layouts/application.html.erb (Duration: 3.6ms | Allocations: 2876)
Completed 200 OK in 5ms (Views: 4.0ms | ActiveRecord: 0.1ms | Allocations: 3227)


Started GET "/shops" for ::1 at 2022-01-11 14:39:46 -0800
Processing by ShopsController#index as HTML
  Rendering layout layouts/application.html.erb
  Rendering shops/index.html.erb within layouts/application
  [1m[35m (0.1ms)[0m  [1m[34mSELECT sqlite_version(*)[0m
  ↳ app/views/shops/index.html.erb:6
  [1m[36mShop Load (0.1ms)[0m  [1m[34mSELECT "shops".* FROM "shops"[0m
  ↳ app/views/shops/index.html.erb:6
  Rendered shops/index.html.erb within layouts/application (Duration: 4.1ms | Allocations: 1906)
  Rendered layout layouts/application.html.erb (Duration: 7.7ms | Allocations: 4372)
Completed 200 OK in 10ms (Views: 9.0ms | ActiveRecord: 0.4ms | Allocations: 5553)


Started GET "/shops/new" for ::1 at 2022-01-11 14:39:47 -0800
Processing by ShopsController#new as HTML
  Rendering layout layouts/application.html.erb
  Rendering shops/new.html.erb within layouts/application
  Rendered shops/_form.html.erb (Duration: 3.6ms | Allocations: 1552)
  Rendered shops/new.html.erb within layouts/application (Duration: 6.0ms | Allocations: 1863)
  Rendered layout layouts/application.html.erb (Duration: 8.2ms | Allocations: 3910)
Completed 200 OK in 12ms (Views: 11.2ms | ActiveRecord: 0.0ms | Allocations: 4333)


Started GET "/shops/new" for ::1 at 2022-01-11 14:41:33 -0800
Processing by ShopsController#new as HTML
  Rendering layout layouts/application.html.erb
  Rendering shops/new.html.erb within layouts/application
  Rendered shops/_form.html.erb (Duration: 3.9ms | Allocations: 3001)
  Rendered shops/new.html.erb within layouts/application (Duration: 9.4ms | Allocations: 3326)
  Rendered layout layouts/application.html.erb (Duration: 9.6ms | Allocations: 3414)
Completed 500 Internal Server Error in 12ms (ActiveRecord: 0.0ms | Allocations: 4542)


  
ActionView::Template::Error (uninitialized constant #<Class:0x00007fade11da948>::Candies):
    22:   </div>
    23: 
    24:   <div>
    25:     <%= form.label Candies, style: "display: block" %>
    26:     <%= form.text_field :unshelvedCandies %>
    27:   </div>
    28: 
  
app/views/shops/_form.html.erb:25
app/views/shops/_form.html.erb:1
app/views/shops/new.html.erb:3
Started GET "/shops/new" for ::1 at 2022-01-11 14:41:40 -0800
Processing by ShopsController#new as HTML
  Rendering layout layouts/application.html.erb
  Rendering shops/new.html.erb within layouts/application
  Rendered shops/_form.html.erb (Duration: 8.1ms | Allocations: 1696)
  Rendered shops/new.html.erb within layouts/application (Duration: 28.9ms | Allocations: 2046)
  Rendered layout layouts/application.html.erb (Duration: 39.0ms | Allocations: 4500)
Completed 200 OK in 42ms (Views: 41.4ms | ActiveRecord: 0.0ms | Allocations: 5675)


Started POST "/shops" for ::1 at 2022-01-11 14:41:58 -0800
Processing by ShopsController#create as TURBO_STREAM
  Parameters: {"authenticity_token"=>"[FILTERED]", "shop"=>{"name"=>"test", "shelves"=>"2", "unshelvedCandies"=>"Eggs"}, "commit"=>"Create Shop"}
  [1m[36mTRANSACTION (0.1ms)[0m  [1m[36mbegin transaction[0m
  ↳ app/controllers/shops_controller.rb:27:in `block in create'
  [1m[36mShop Create (0.3ms)[0m  [1m[32mINSERT INTO "shops" ("name", "shelves", "unshelvedCandies", "created_at", "updated_at") VALUES (?, ?, ?, ?, ?)[0m  [["name", "test"], ["shelves", 2], ["unshelvedCandies", "Eggs"], ["created_at", "2022-01-11 22:41:58.146877"], ["updated_at", "2022-01-11 22:41:58.146877"]]
  ↳ app/controllers/shops_controller.rb:27:in `block in create'
  [1m[36mTRANSACTION (2.3ms)[0m  [1m[36mcommit transaction[0m
  ↳ app/controllers/shops_controller.rb:27:in `block in create'
Redirected to http://localhost:3000/shops/2
Completed 302 Found in 8ms (ActiveRecord: 2.6ms | Allocations: 2617)


Started GET "/shops/2" for ::1 at 2022-01-11 14:41:58 -0800
Processing by ShopsController#show as TURBO_STREAM
  Parameters: {"id"=>"2"}
  [1m[36mShop Load (0.2ms)[0m  [1m[34mSELECT "shops".* FROM "shops" WHERE "shops"."id" = ? LIMIT ?[0m  [["id", 2], ["LIMIT", 1]]
  ↳ app/controllers/shops_controller.rb:63:in `set_shop'
  Rendering layout layouts/application.html.erb
  Rendering shops/show.html.erb within layouts/application
  Rendered shops/_shop.html.erb (Duration: 0.4ms | Allocations: 227)
  Rendered shops/show.html.erb within layouts/application (Duration: 2.0ms | Allocations: 1283)
  Rendered layout layouts/application.html.erb (Duration: 5.1ms | Allocations: 3714)
Completed 200 OK in 9ms (Views: 6.8ms | ActiveRecord: 0.2ms | Allocations: 5461)


Started DELETE "/shops/2" for ::1 at 2022-01-11 14:42:02 -0800
Processing by ShopsController#destroy as TURBO_STREAM
  Parameters: {"authenticity_token"=>"[FILTERED]", "id"=>"2"}
  [1m[36mShop Load (0.1ms)[0m  [1m[34mSELECT "shops".* FROM "shops" WHERE "shops"."id" = ? LIMIT ?[0m  [["id", 2], ["LIMIT", 1]]
  ↳ app/controllers/shops_controller.rb:63:in `set_shop'
  [1m[36mTRANSACTION (0.0ms)[0m  [1m[36mbegin transaction[0m
  ↳ app/controllers/shops_controller.rb:52:in `destroy'
  [1m[36mShop Destroy (0.2ms)[0m  [1m[31mDELETE FROM "shops" WHERE "shops"."id" = ?[0m  [["id", 2]]
  ↳ app/controllers/shops_controller.rb:52:in `destroy'
  [1m[36mTRANSACTION (2.4ms)[0m  [1m[36mcommit transaction[0m
  ↳ app/controllers/shops_controller.rb:52:in `destroy'
Redirected to http://localhost:3000/shops
Completed 302 Found in 8ms (ActiveRecord: 2.8ms | Allocations: 2594)


Started GET "/shops" for ::1 at 2022-01-11 14:42:02 -0800
Processing by ShopsController#index as TURBO_STREAM
  Rendering layout layouts/application.html.erb
  Rendering shops/index.html.erb within layouts/application
  [1m[36mShop Load (0.1ms)[0m  [1m[34mSELECT "shops".* FROM "shops"[0m
  ↳ app/views/shops/index.html.erb:6
  Rendered shops/index.html.erb within layouts/application (Duration: 2.3ms | Allocations: 1076)
  Rendered layout layouts/application.html.erb (Duration: 5.5ms | Allocations: 3136)
Completed 200 OK in 6ms (Views: 5.9ms | ActiveRecord: 0.1ms | Allocations: 3573)


